<?xml version="1.0" encoding="UTF-8"?>
<!-- Generated by org.testng.reporters.JUnitReportReporter -->
<testsuite hostname="LAPTOP-34OBG346" failures="0" tests="5" name="com.HRM.TestCases.LoginPageTestcase" time="7.582" errors="0" timestamp="2024-06-18T20:41:29 IST" skipped="0">
  <testcase classname="com.HRM.TestCases.LoginPageTestcase" name="validateLogin" time="2.322"/>
  <system-out/>
  <testcase classname="com.HRM.TestCases.LoginPageTestcase" name="AdminTest" time="1.638"/>
  <system-out/>
  <testcase classname="com.HRM.TestCases.LoginPageTestcase" name="AdminTest1" time="1.304"/>
  <system-out/>
  <testcase classname="com.HRM.TestCases.LoginPageTestcase" name="AdminTest2" time="1.433"/>
  <system-out/>
  <testcase classname="com.HRM.TestCases.LoginPageTestcase" name="AdminTest3" time="0.885"/>
  <system-out/>
</testsuite> <!-- com.HRM.TestCases.LoginPageTestcase -->
