<?xml version="1.0" encoding="UTF-8"?>
<!-- Generated by org.testng.reporters.JUnitReportReporter -->
<testsuite hostname="LAPTOP-34OBG346" failures="0" tests="1" name="com.HRM.TestCases.AdminTestCase" time="0.002" errors="0" timestamp="2024-06-17T13:43:25 IST" skipped="0">
  <testcase classname="com.HRM.TestCases.AdminTestCase" name="Admintest" time="0.002"/>
  <system-out/>
</testsuite> <!-- com.HRM.TestCases.AdminTestCase -->
